2022-09-22 15:24:36,731 - train - INFO - GraphSynergy(
  (protein_embedding): Embedding(15970, 64)
  (cell_embedding): Embedding(76, 64)
  (drug_embedding): Embedding(764, 64)
  (aggregation_function): Linear(in_features=128, out_features=64, bias=True)
  (combine_function): Linear(in_features=128, out_features=64, bias=False)
)
Trainable parameters: 1092288
2022-09-22 15:24:36,732 - trainer - WARNING - Warning: There's no GPU available on this machine,training will be performed on CPU.
2022-09-22 15:25:13,317 - trainer - INFO - epoch: 1
2022-09-22 15:25:13,317 - trainer - INFO -     train          : loss           : 0.78	accuracy       : 0.61	precision      : 0.58	recall         : 0.52	roc_auc        : 0.64	pr_auc         : 0.59	f1_score       : 0.55	
2022-09-22 15:25:13,318 - trainer - INFO -     validation     : val_loss       : 0.63	val_accuracy   : 0.68	val_precision  : 0.67	val_recall     : 0.57	val_roc_auc    : 0.73	val_pr_auc     : 0.69	val_f1_score   : 0.62	
2022-09-22 15:25:13,339 - trainer - INFO - Saving current best: model_best.pth ...
2022-09-22 15:25:50,697 - trainer - INFO - epoch: 2
2022-09-22 15:25:50,698 - trainer - INFO -     train          : loss           : 0.59	accuracy       : 0.71	precision      : 0.70	recall         : 0.62	roc_auc        : 0.78	pr_auc         : 0.74	f1_score       : 0.66	
2022-09-22 15:25:50,698 - trainer - INFO -     validation     : val_loss       : 0.59	val_accuracy   : 0.71	val_precision  : 0.71	val_recall     : 0.61	val_roc_auc    : 0.77	val_pr_auc     : 0.74	val_f1_score   : 0.65	
2022-09-22 15:25:50,719 - trainer - INFO - Saving current best: model_best.pth ...
2022-09-22 15:26:29,680 - trainer - INFO - epoch: 3
2022-09-22 15:26:29,680 - trainer - INFO -     train          : loss           : 0.55	accuracy       : 0.73	precision      : 0.72	recall         : 0.66	roc_auc        : 0.81	pr_auc         : 0.78	f1_score       : 0.69	
2022-09-22 15:26:29,681 - trainer - INFO -     validation     : val_loss       : 0.57	val_accuracy   : 0.72	val_precision  : 0.71	val_recall     : 0.66	val_roc_auc    : 0.79	val_pr_auc     : 0.77	val_f1_score   : 0.68	
2022-09-22 15:26:29,703 - trainer - INFO - Saving current best: model_best.pth ...
2022-09-22 15:27:06,980 - trainer - INFO - epoch: 4
2022-09-22 15:27:06,980 - trainer - INFO -     train          : loss           : 0.53	accuracy       : 0.74	precision      : 0.73	recall         : 0.69	roc_auc        : 0.82	pr_auc         : 0.80	f1_score       : 0.71	
2022-09-22 15:27:06,981 - trainer - INFO -     validation     : val_loss       : 0.56	val_accuracy   : 0.73	val_precision  : 0.72	val_recall     : 0.67	val_roc_auc    : 0.80	val_pr_auc     : 0.78	val_f1_score   : 0.69	
2022-09-22 15:27:07,003 - trainer - INFO - Saving current best: model_best.pth ...
2022-09-22 15:27:44,539 - trainer - INFO - epoch: 5
2022-09-22 15:27:44,539 - trainer - INFO -     train          : loss           : 0.52	accuracy       : 0.75	precision      : 0.74	recall         : 0.70	roc_auc        : 0.83	pr_auc         : 0.81	f1_score       : 0.72	
2022-09-22 15:27:44,539 - trainer - INFO -     validation     : val_loss       : 0.56	val_accuracy   : 0.73	val_precision  : 0.71	val_recall     : 0.67	val_roc_auc    : 0.80	val_pr_auc     : 0.78	val_f1_score   : 0.69	
2022-09-22 15:27:44,560 - trainer - INFO - Saving current best: model_best.pth ...
2022-09-22 15:28:23,964 - trainer - INFO - epoch: 6
2022-09-22 15:28:23,964 - trainer - INFO -     train          : loss           : 0.51	accuracy       : 0.76	precision      : 0.75	recall         : 0.71	roc_auc        : 0.84	pr_auc         : 0.82	f1_score       : 0.73	
2022-09-22 15:28:23,965 - trainer - INFO -     validation     : val_loss       : 0.55	val_accuracy   : 0.74	val_precision  : 0.72	val_recall     : 0.70	val_roc_auc    : 0.81	val_pr_auc     : 0.79	val_f1_score   : 0.71	
2022-09-22 15:28:23,986 - trainer - INFO - Saving current best: model_best.pth ...
