2022-09-22 16:20:12,697 - train - INFO - GraphSynergy(
  (protein_embedding): Embedding(15970, 32)
  (cell_embedding): Embedding(29, 32)
  (drug_embedding): Embedding(21, 32)
  (aggregation_function): Linear(in_features=64, out_features=32, bias=True)
  (combine_function): Linear(in_features=64, out_features=32, bias=False)
)
Trainable parameters: 516768
2022-09-22 16:20:12,697 - trainer - WARNING - Warning: There's no GPU available on this machine,training will be performed on CPU.
2022-09-22 16:20:19,608 - trainer - INFO - epoch: 1
2022-09-22 16:20:19,608 - trainer - INFO -     train          : loss           : 1.09	accuracy       : 0.50	precision      : 0.55	recall         : 0.49	roc_auc        : 0.50	pr_auc         : 0.55	f1_score       : 0.52	
2022-09-22 16:20:19,609 - trainer - INFO -     validation     : val_loss       : 0.97	val_accuracy   : 0.52	val_precision  : 0.52	val_recall     : 0.51	val_roc_auc    : 0.51	val_pr_auc     : 0.52	val_f1_score   : 0.52	
2022-09-22 16:20:19,620 - trainer - INFO - Saving current best: model_best.pth ...
2022-09-22 16:20:26,537 - trainer - INFO - epoch: 2
2022-09-22 16:20:26,537 - trainer - INFO -     train          : loss           : 0.86	accuracy       : 0.57	precision      : 0.63	recall         : 0.54	roc_auc        : 0.61	pr_auc         : 0.62	f1_score       : 0.58	
2022-09-22 16:20:26,538 - trainer - INFO -     validation     : val_loss       : 0.84	val_accuracy   : 0.57	val_precision  : 0.58	val_recall     : 0.56	val_roc_auc    : 0.61	val_pr_auc     : 0.59	val_f1_score   : 0.57	
2022-09-22 16:20:26,549 - trainer - INFO - Saving current best: model_best.pth ...
2022-09-22 16:20:33,515 - trainer - INFO - epoch: 3
2022-09-22 16:20:33,515 - trainer - INFO -     train          : loss           : 0.76	accuracy       : 0.65	precision      : 0.70	recall         : 0.63	roc_auc        : 0.70	pr_auc         : 0.72	f1_score       : 0.66	
2022-09-22 16:20:33,516 - trainer - INFO -     validation     : val_loss       : 0.78	val_accuracy   : 0.65	val_precision  : 0.66	val_recall     : 0.62	val_roc_auc    : 0.69	val_pr_auc     : 0.66	val_f1_score   : 0.64	
2022-09-22 16:20:33,527 - trainer - INFO - Saving current best: model_best.pth ...
2022-09-22 16:20:40,473 - trainer - INFO - epoch: 4
2022-09-22 16:20:40,473 - trainer - INFO -     train          : loss           : 0.71	accuracy       : 0.69	precision      : 0.74	recall         : 0.67	roc_auc        : 0.76	pr_auc         : 0.78	f1_score       : 0.70	
2022-09-22 16:20:40,475 - trainer - INFO -     validation     : val_loss       : 0.75	val_accuracy   : 0.68	val_precision  : 0.69	val_recall     : 0.68	val_roc_auc    : 0.73	val_pr_auc     : 0.69	val_f1_score   : 0.68	
2022-09-22 16:20:40,486 - trainer - INFO - Saving current best: model_best.pth ...
2022-09-22 16:20:47,343 - trainer - INFO - epoch: 5
2022-09-22 16:20:47,343 - trainer - INFO -     train          : loss           : 0.68	accuracy       : 0.71	precision      : 0.76	recall         : 0.70	roc_auc        : 0.79	pr_auc         : 0.81	f1_score       : 0.73	
2022-09-22 16:20:47,345 - trainer - INFO -     validation     : val_loss       : 0.72	val_accuracy   : 0.70	val_precision  : 0.71	val_recall     : 0.69	val_roc_auc    : 0.75	val_pr_auc     : 0.72	val_f1_score   : 0.70	
2022-09-22 16:20:47,357 - trainer - INFO - Saving current best: model_best.pth ...
2022-09-22 16:20:54,287 - trainer - INFO - epoch: 6
2022-09-22 16:20:54,287 - trainer - INFO -     train          : loss           : 0.65	accuracy       : 0.74	precision      : 0.78	recall         : 0.73	roc_auc        : 0.81	pr_auc         : 0.84	f1_score       : 0.75	
2022-09-22 16:20:54,289 - trainer - INFO -     validation     : val_loss       : 0.71	val_accuracy   : 0.71	val_precision  : 0.72	val_recall     : 0.70	val_roc_auc    : 0.76	val_pr_auc     : 0.73	val_f1_score   : 0.71	
2022-09-22 16:20:54,300 - trainer - INFO - Saving current best: model_best.pth ...
2022-09-22 16:21:01,276 - trainer - INFO - epoch: 7
2022-09-22 16:21:01,276 - trainer - INFO -     train          : loss           : 0.63	accuracy       : 0.75	precision      : 0.79	recall         : 0.75	roc_auc        : 0.83	pr_auc         : 0.85	f1_score       : 0.77	
2022-09-22 16:21:01,276 - trainer - INFO -     validation     : val_loss       : 0.70	val_accuracy   : 0.70	val_precision  : 0.72	val_recall     : 0.67	val_roc_auc    : 0.77	val_pr_auc     : 0.74	val_f1_score   : 0.70	
2022-09-22 16:21:01,287 - trainer - INFO - Saving current best: model_best.pth ...
2022-09-22 16:21:08,161 - trainer - INFO - epoch: 8
2022-09-22 16:21:08,161 - trainer - INFO -     train          : loss           : 0.61	accuracy       : 0.76	precision      : 0.80	recall         : 0.76	roc_auc        : 0.84	pr_auc         : 0.86	f1_score       : 0.78	
2022-09-22 16:21:08,162 - trainer - INFO -     validation     : val_loss       : 0.70	val_accuracy   : 0.70	val_precision  : 0.72	val_recall     : 0.69	val_roc_auc    : 0.77	val_pr_auc     : 0.74	val_f1_score   : 0.70	
2022-09-22 16:21:08,173 - trainer - INFO - Saving current best: model_best.pth ...
2022-09-22 16:21:15,020 - trainer - INFO - epoch: 9
2022-09-22 16:21:15,021 - trainer - INFO -     train          : loss           : 0.60	accuracy       : 0.77	precision      : 0.80	recall         : 0.77	roc_auc        : 0.85	pr_auc         : 0.87	f1_score       : 0.79	
2022-09-22 16:21:15,023 - trainer - INFO -     validation     : val_loss       : 0.69	val_accuracy   : 0.70	val_precision  : 0.71	val_recall     : 0.69	val_roc_auc    : 0.77	val_pr_auc     : 0.75	val_f1_score   : 0.70	
2022-09-22 16:21:15,034 - trainer - INFO - Saving current best: model_best.pth ...
2022-09-22 16:21:21,963 - trainer - INFO - epoch: 10
2022-09-22 16:21:21,963 - trainer - INFO -     train          : loss           : 0.59	accuracy       : 0.77	precision      : 0.80	recall         : 0.78	roc_auc        : 0.86	pr_auc         : 0.88	f1_score       : 0.79	
2022-09-22 16:21:21,964 - trainer - INFO -     validation     : val_loss       : 0.69	val_accuracy   : 0.71	val_precision  : 0.71	val_recall     : 0.70	val_roc_auc    : 0.78	val_pr_auc     : 0.75	val_f1_score   : 0.71	
2022-09-22 16:21:21,975 - trainer - INFO - Saving current best: model_best.pth ...
2022-09-22 16:21:28,955 - trainer - INFO - epoch: 11
2022-09-22 16:21:28,955 - trainer - INFO -     train          : loss           : 0.58	accuracy       : 0.78	precision      : 0.81	recall         : 0.79	roc_auc        : 0.87	pr_auc         : 0.89	f1_score       : 0.80	
2022-09-22 16:21:28,956 - trainer - INFO -     validation     : val_loss       : 0.68	val_accuracy   : 0.71	val_precision  : 0.72	val_recall     : 0.71	val_roc_auc    : 0.78	val_pr_auc     : 0.76	val_f1_score   : 0.72	
2022-09-22 16:21:28,967 - trainer - INFO - Saving current best: model_best.pth ...
2022-09-22 16:21:35,548 - trainer - INFO - epoch: 12
2022-09-22 16:21:35,548 - trainer - INFO -     train          : loss           : 0.57	accuracy       : 0.79	precision      : 0.81	recall         : 0.80	roc_auc        : 0.87	pr_auc         : 0.89	f1_score       : 0.80	
2022-09-22 16:21:35,549 - trainer - INFO -     validation     : val_loss       : 0.67	val_accuracy   : 0.72	val_precision  : 0.72	val_recall     : 0.73	val_roc_auc    : 0.79	val_pr_auc     : 0.77	val_f1_score   : 0.72	
2022-09-22 16:21:35,561 - trainer - INFO - Saving current best: model_best.pth ...
2022-09-22 16:21:42,449 - trainer - INFO - epoch: 13
2022-09-22 16:21:42,450 - trainer - INFO -     train          : loss           : 0.55	accuracy       : 0.80	precision      : 0.81	recall         : 0.81	roc_auc        : 0.89	pr_auc         : 0.90	f1_score       : 0.81	
2022-09-22 16:21:42,450 - trainer - INFO -     validation     : val_loss       : 0.66	val_accuracy   : 0.73	val_precision  : 0.73	val_recall     : 0.75	val_roc_auc    : 0.79	val_pr_auc     : 0.77	val_f1_score   : 0.74	
2022-09-22 16:21:42,461 - trainer - INFO - Saving current best: model_best.pth ...
