2022-09-22 15:06:12,661 - train - INFO - GraphSynergy(
  (protein_embedding): Embedding(15970, 32)
  (cell_embedding): Embedding(29, 32)
  (drug_embedding): Embedding(21, 32)
  (aggregation_function): Linear(in_features=64, out_features=32, bias=True)
  (combine_function): Linear(in_features=64, out_features=32, bias=False)
)
Trainable parameters: 516768
2022-09-22 15:06:12,662 - trainer - WARNING - Warning: There's no GPU available on this machine,training will be performed on CPU.
2022-09-22 15:06:19,526 - trainer - INFO - epoch: 1
2022-09-22 15:06:19,527 - trainer - INFO -     train          : loss           : 1.06	accuracy       : 0.52	precision      : 0.58	recall         : 0.46	roc_auc        : 0.53	pr_auc         : 0.60	f1_score       : 0.51	
2022-09-22 15:06:19,530 - trainer - INFO -     validation     : val_loss       : 0.94	val_accuracy   : 0.54	val_precision  : 0.56	val_recall     : 0.47	val_roc_auc    : 0.57	val_pr_auc     : 0.59	val_f1_score   : 0.51	
2022-09-22 15:06:19,540 - trainer - INFO - Saving current best: model_best.pth ...
2022-09-22 15:06:26,431 - trainer - INFO - epoch: 2
2022-09-22 15:06:26,432 - trainer - INFO -     train          : loss           : 0.85	accuracy       : 0.58	precision      : 0.64	recall         : 0.52	roc_auc        : 0.63	pr_auc         : 0.67	f1_score       : 0.58	
2022-09-22 15:06:26,432 - trainer - INFO -     validation     : val_loss       : 0.83	val_accuracy   : 0.60	val_precision  : 0.62	val_recall     : 0.55	val_roc_auc    : 0.63	val_pr_auc     : 0.65	val_f1_score   : 0.58	
2022-09-22 15:06:26,443 - trainer - INFO - Saving current best: model_best.pth ...
2022-09-22 15:06:33,481 - trainer - INFO - epoch: 3
2022-09-22 15:06:33,481 - trainer - INFO -     train          : loss           : 0.76	accuracy       : 0.65	precision      : 0.71	recall         : 0.62	roc_auc        : 0.70	pr_auc         : 0.73	f1_score       : 0.66	
2022-09-22 15:06:33,482 - trainer - INFO -     validation     : val_loss       : 0.78	val_accuracy   : 0.63	val_precision  : 0.65	val_recall     : 0.58	val_roc_auc    : 0.67	val_pr_auc     : 0.69	val_f1_score   : 0.61	
2022-09-22 15:06:33,493 - trainer - INFO - Saving current best: model_best.pth ...
2022-09-22 15:06:40,513 - trainer - INFO - epoch: 4
2022-09-22 15:06:40,514 - trainer - INFO -     train          : loss           : 0.71	accuracy       : 0.69	precision      : 0.73	recall         : 0.68	roc_auc        : 0.75	pr_auc         : 0.77	f1_score       : 0.71	
2022-09-22 15:06:40,514 - trainer - INFO -     validation     : val_loss       : 0.75	val_accuracy   : 0.65	val_precision  : 0.67	val_recall     : 0.63	val_roc_auc    : 0.70	val_pr_auc     : 0.72	val_f1_score   : 0.65	
2022-09-22 15:06:40,525 - trainer - INFO - Saving current best: model_best.pth ...
2022-09-22 15:06:47,376 - trainer - INFO - epoch: 5
2022-09-22 15:06:47,376 - trainer - INFO -     train          : loss           : 0.68	accuracy       : 0.72	precision      : 0.75	recall         : 0.73	roc_auc        : 0.79	pr_auc         : 0.81	f1_score       : 0.74	
2022-09-22 15:06:47,377 - trainer - INFO -     validation     : val_loss       : 0.72	val_accuracy   : 0.67	val_precision  : 0.68	val_recall     : 0.67	val_roc_auc    : 0.73	val_pr_auc     : 0.74	val_f1_score   : 0.67	
2022-09-22 15:06:47,389 - trainer - INFO - Saving current best: model_best.pth ...
2022-09-22 15:06:54,421 - trainer - INFO - epoch: 6
2022-09-22 15:06:54,421 - trainer - INFO -     train          : loss           : 0.65	accuracy       : 0.74	precision      : 0.76	recall         : 0.75	roc_auc        : 0.81	pr_auc         : 0.83	f1_score       : 0.76	
2022-09-22 15:06:54,421 - trainer - INFO -     validation     : val_loss       : 0.70	val_accuracy   : 0.68	val_precision  : 0.69	val_recall     : 0.67	val_roc_auc    : 0.75	val_pr_auc     : 0.76	val_f1_score   : 0.68	
2022-09-22 15:06:54,433 - trainer - INFO - Saving current best: model_best.pth ...
2022-09-22 15:07:01,450 - trainer - INFO - epoch: 7
2022-09-22 15:07:01,450 - trainer - INFO -     train          : loss           : 0.63	accuracy       : 0.75	precision      : 0.78	recall         : 0.77	roc_auc        : 0.83	pr_auc         : 0.85	f1_score       : 0.77	
2022-09-22 15:07:01,451 - trainer - INFO -     validation     : val_loss       : 0.69	val_accuracy   : 0.70	val_precision  : 0.71	val_recall     : 0.71	val_roc_auc    : 0.77	val_pr_auc     : 0.77	val_f1_score   : 0.71	
2022-09-22 15:07:01,462 - trainer - INFO - Saving current best: model_best.pth ...
2022-09-22 15:07:08,379 - trainer - INFO - epoch: 8
2022-09-22 15:07:08,379 - trainer - INFO -     train          : loss           : 0.61	accuracy       : 0.76	precision      : 0.78	recall         : 0.78	roc_auc        : 0.85	pr_auc         : 0.86	f1_score       : 0.78	
2022-09-22 15:07:08,380 - trainer - INFO -     validation     : val_loss       : 0.68	val_accuracy   : 0.71	val_precision  : 0.71	val_recall     : 0.73	val_roc_auc    : 0.78	val_pr_auc     : 0.78	val_f1_score   : 0.72	
2022-09-22 15:07:08,392 - trainer - INFO - Saving current best: model_best.pth ...
2022-09-22 15:07:15,464 - trainer - INFO - epoch: 9
2022-09-22 15:07:15,464 - trainer - INFO -     train          : loss           : 0.60	accuracy       : 0.77	precision      : 0.79	recall         : 0.80	roc_auc        : 0.85	pr_auc         : 0.87	f1_score       : 0.79	
2022-09-22 15:07:15,464 - trainer - INFO -     validation     : val_loss       : 0.67	val_accuracy   : 0.72	val_precision  : 0.72	val_recall     : 0.74	val_roc_auc    : 0.79	val_pr_auc     : 0.79	val_f1_score   : 0.73	
2022-09-22 15:07:15,475 - trainer - INFO - Saving current best: model_best.pth ...
2022-09-22 15:07:22,692 - trainer - INFO - epoch: 10
2022-09-22 15:07:22,692 - trainer - INFO -     train          : loss           : 0.59	accuracy       : 0.78	precision      : 0.80	recall         : 0.81	roc_auc        : 0.86	pr_auc         : 0.88	f1_score       : 0.81	
2022-09-22 15:07:22,693 - trainer - INFO -     validation     : val_loss       : 0.66	val_accuracy   : 0.72	val_precision  : 0.72	val_recall     : 0.74	val_roc_auc    : 0.80	val_pr_auc     : 0.79	val_f1_score   : 0.73	
2022-09-22 15:07:22,704 - trainer - INFO - Saving current best: model_best.pth ...
2022-09-22 15:07:30,080 - trainer - INFO - epoch: 11
2022-09-22 15:07:30,080 - trainer - INFO -     train          : loss           : 0.57	accuracy       : 0.79	precision      : 0.81	recall         : 0.81	roc_auc        : 0.87	pr_auc         : 0.89	f1_score       : 0.81	
2022-09-22 15:07:30,081 - trainer - INFO -     validation     : val_loss       : 0.65	val_accuracy   : 0.73	val_precision  : 0.73	val_recall     : 0.73	val_roc_auc    : 0.81	val_pr_auc     : 0.80	val_f1_score   : 0.73	
2022-09-22 15:07:30,093 - trainer - INFO - Saving current best: model_best.pth ...
2022-09-22 15:07:38,994 - trainer - INFO - epoch: 12
2022-09-22 15:07:38,995 - trainer - INFO -     train          : loss           : 0.56	accuracy       : 0.80	precision      : 0.82	recall         : 0.82	roc_auc        : 0.88	pr_auc         : 0.90	f1_score       : 0.82	
2022-09-22 15:07:38,995 - trainer - INFO -     validation     : val_loss       : 0.64	val_accuracy   : 0.74	val_precision  : 0.75	val_recall     : 0.73	val_roc_auc    : 0.81	val_pr_auc     : 0.80	val_f1_score   : 0.74	
2022-09-22 15:07:39,007 - trainer - INFO - Saving current best: model_best.pth ...
2022-09-22 15:07:46,287 - trainer - INFO - epoch: 13
2022-09-22 15:07:46,287 - trainer - INFO -     train          : loss           : 0.55	accuracy       : 0.81	precision      : 0.82	recall         : 0.83	roc_auc        : 0.89	pr_auc         : 0.91	f1_score       : 0.82	
2022-09-22 15:07:46,288 - trainer - INFO -     validation     : val_loss       : 0.64	val_accuracy   : 0.74	val_precision  : 0.75	val_recall     : 0.75	val_roc_auc    : 0.82	val_pr_auc     : 0.80	val_f1_score   : 0.75	
2022-09-22 15:07:46,298 - trainer - INFO - Saving current best: model_best.pth ...
2022-09-22 15:07:52,992 - trainer - INFO - epoch: 14
2022-09-22 15:07:52,993 - trainer - INFO -     train          : loss           : 0.54	accuracy       : 0.81	precision      : 0.82	recall         : 0.83	roc_auc        : 0.89	pr_auc         : 0.91	f1_score       : 0.83	
2022-09-22 15:07:52,993 - trainer - INFO -     validation     : val_loss       : 0.63	val_accuracy   : 0.74	val_precision  : 0.74	val_recall     : 0.75	val_roc_auc    : 0.82	val_pr_auc     : 0.80	val_f1_score   : 0.74	
2022-09-22 15:07:53,004 - trainer - INFO - Saving current best: model_best.pth ...
2022-09-22 15:08:00,508 - trainer - INFO - epoch: 15
2022-09-22 15:08:00,508 - trainer - INFO -     train          : loss           : 0.53	accuracy       : 0.81	precision      : 0.83	recall         : 0.84	roc_auc        : 0.90	pr_auc         : 0.92	f1_score       : 0.83	
2022-09-22 15:08:00,508 - trainer - INFO -     validation     : val_loss       : 0.63	val_accuracy   : 0.74	val_precision  : 0.74	val_recall     : 0.74	val_roc_auc    : 0.82	val_pr_auc     : 0.80	val_f1_score   : 0.74	
2022-09-22 15:08:00,519 - trainer - INFO - Saving current best: model_best.pth ...
2022-09-22 15:08:08,229 - trainer - INFO - epoch: 16
2022-09-22 15:08:08,229 - trainer - INFO -     train          : loss           : 0.52	accuracy       : 0.82	precision      : 0.84	recall         : 0.83	roc_auc        : 0.90	pr_auc         : 0.92	f1_score       : 0.84	
2022-09-22 15:08:08,229 - trainer - INFO -     validation     : val_loss       : 0.63	val_accuracy   : 0.74	val_precision  : 0.74	val_recall     : 0.75	val_roc_auc    : 0.82	val_pr_auc     : 0.81	val_f1_score   : 0.74	
2022-09-22 15:08:08,240 - trainer - INFO - Saving current best: model_best.pth ...
2022-09-22 15:08:15,640 - trainer - INFO - epoch: 17
2022-09-22 15:08:15,641 - trainer - INFO -     train          : loss           : 0.51	accuracy       : 0.83	precision      : 0.85	recall         : 0.84	roc_auc        : 0.91	pr_auc         : 0.93	f1_score       : 0.85	
2022-09-22 15:08:15,641 - trainer - INFO -     validation     : val_loss       : 0.63	val_accuracy   : 0.75	val_precision  : 0.75	val_recall     : 0.75	val_roc_auc    : 0.82	val_pr_auc     : 0.81	val_f1_score   : 0.75	
2022-09-22 15:08:15,653 - trainer - INFO - Saving current best: model_best.pth ...
2022-09-22 15:08:23,363 - trainer - INFO - epoch: 18
2022-09-22 15:08:23,363 - trainer - INFO -     train          : loss           : 0.50	accuracy       : 0.83	precision      : 0.85	recall         : 0.85	roc_auc        : 0.91	pr_auc         : 0.93	f1_score       : 0.85	
2022-09-22 15:08:23,364 - trainer - INFO -     validation     : val_loss       : 0.62	val_accuracy   : 0.75	val_precision  : 0.75	val_recall     : 0.75	val_roc_auc    : 0.83	val_pr_auc     : 0.81	val_f1_score   : 0.75	
2022-09-22 15:08:23,375 - trainer - INFO - Saving current best: model_best.pth ...
2022-09-22 15:08:31,665 - trainer - INFO - epoch: 19
2022-09-22 15:08:31,665 - trainer - INFO -     train          : loss           : 0.49	accuracy       : 0.84	precision      : 0.85	recall         : 0.85	roc_auc        : 0.92	pr_auc         : 0.93	f1_score       : 0.85	
2022-09-22 15:08:31,666 - trainer - INFO -     validation     : val_loss       : 0.63	val_accuracy   : 0.75	val_precision  : 0.75	val_recall     : 0.75	val_roc_auc    : 0.82	val_pr_auc     : 0.81	val_f1_score   : 0.75	
2022-09-22 15:08:31,680 - trainer - INFO - Saving current best: model_best.pth ...
2022-09-22 15:08:39,385 - trainer - INFO - epoch: 20
2022-09-22 15:08:39,386 - trainer - INFO -     train          : loss           : 0.48	accuracy       : 0.84	precision      : 0.85	recall         : 0.86	roc_auc        : 0.92	pr_auc         : 0.94	f1_score       : 0.85	
2022-09-22 15:08:39,386 - trainer - INFO -     validation     : val_loss       : 0.63	val_accuracy   : 0.76	val_precision  : 0.75	val_recall     : 0.77	val_roc_auc    : 0.82	val_pr_auc     : 0.81	val_f1_score   : 0.76	
2022-09-22 15:08:39,396 - trainer - INFO - Saving current best: model_best.pth ...
2022-09-22 15:08:46,822 - trainer - INFO - epoch: 21
2022-09-22 15:08:46,822 - trainer - INFO -     train          : loss           : 0.48	accuracy       : 0.84	precision      : 0.85	recall         : 0.86	roc_auc        : 0.92	pr_auc         : 0.94	f1_score       : 0.86	
2022-09-22 15:08:46,823 - trainer - INFO -     validation     : val_loss       : 0.63	val_accuracy   : 0.76	val_precision  : 0.75	val_recall     : 0.77	val_roc_auc    : 0.82	val_pr_auc     : 0.81	val_f1_score   : 0.76	
2022-09-22 15:08:46,834 - trainer - INFO - Saving current best: model_best.pth ...
2022-09-22 15:08:54,320 - trainer - INFO - epoch: 22
2022-09-22 15:08:54,320 - trainer - INFO -     train          : loss           : 0.47	accuracy       : 0.84	precision      : 0.86	recall         : 0.86	roc_auc        : 0.92	pr_auc         : 0.94	f1_score       : 0.86	
2022-09-22 15:08:54,320 - trainer - INFO -     validation     : val_loss       : 0.63	val_accuracy   : 0.76	val_precision  : 0.75	val_recall     : 0.77	val_roc_auc    : 0.82	val_pr_auc     : 0.81	val_f1_score   : 0.76	
2022-09-22 15:08:54,332 - trainer - INFO - Saving current best: model_best.pth ...
2022-09-22 15:09:01,763 - trainer - INFO - epoch: 23
2022-09-22 15:09:01,764 - trainer - INFO -     train          : loss           : 0.47	accuracy       : 0.84	precision      : 0.86	recall         : 0.86	roc_auc        : 0.93	pr_auc         : 0.94	f1_score       : 0.86	
2022-09-22 15:09:01,764 - trainer - INFO -     validation     : val_loss       : 0.63	val_accuracy   : 0.76	val_precision  : 0.75	val_recall     : 0.77	val_roc_auc    : 0.82	val_pr_auc     : 0.81	val_f1_score   : 0.76	
2022-09-22 15:09:01,777 - trainer - INFO - Saving current best: model_best.pth ...
2022-09-22 15:09:09,257 - trainer - INFO - epoch: 24
2022-09-22 15:09:09,257 - trainer - INFO -     train          : loss           : 0.47	accuracy       : 0.84	precision      : 0.85	recall         : 0.86	roc_auc        : 0.93	pr_auc         : 0.94	f1_score       : 0.86	
2022-09-22 15:09:09,257 - trainer - INFO -     validation     : val_loss       : 0.63	val_accuracy   : 0.76	val_precision  : 0.76	val_recall     : 0.77	val_roc_auc    : 0.82	val_pr_auc     : 0.81	val_f1_score   : 0.76	
2022-09-22 15:09:09,268 - trainer - INFO - Saving current best: model_best.pth ...
2022-09-22 15:09:16,373 - trainer - INFO - epoch: 25
2022-09-22 15:09:16,373 - trainer - INFO -     train          : loss           : 0.47	accuracy       : 0.84	precision      : 0.85	recall         : 0.86	roc_auc        : 0.92	pr_auc         : 0.94	f1_score       : 0.86	
2022-09-22 15:09:16,374 - trainer - INFO -     validation     : val_loss       : 0.63	val_accuracy   : 0.75	val_precision  : 0.75	val_recall     : 0.77	val_roc_auc    : 0.82	val_pr_auc     : 0.81	val_f1_score   : 0.76	
2022-09-22 15:09:23,496 - trainer - INFO - epoch: 26
2022-09-22 15:09:23,496 - trainer - INFO -     train          : loss           : 0.47	accuracy       : 0.84	precision      : 0.85	recall         : 0.86	roc_auc        : 0.93	pr_auc         : 0.94	f1_score       : 0.86	
2022-09-22 15:09:23,497 - trainer - INFO -     validation     : val_loss       : 0.63	val_accuracy   : 0.75	val_precision  : 0.75	val_recall     : 0.77	val_roc_auc    : 0.82	val_pr_auc     : 0.81	val_f1_score   : 0.76	
2022-09-22 15:09:23,509 - trainer - INFO - Saving current best: model_best.pth ...
2022-09-22 15:09:30,853 - trainer - INFO - epoch: 27
2022-09-22 15:09:30,853 - trainer - INFO -     train          : loss           : 0.47	accuracy       : 0.84	precision      : 0.85	recall         : 0.86	roc_auc        : 0.93	pr_auc         : 0.94	f1_score       : 0.86	
2022-09-22 15:09:30,854 - trainer - INFO -     validation     : val_loss       : 0.63	val_accuracy   : 0.76	val_precision  : 0.75	val_recall     : 0.77	val_roc_auc    : 0.82	val_pr_auc     : 0.81	val_f1_score   : 0.76	
2022-09-22 15:09:38,171 - trainer - INFO - epoch: 28
2022-09-22 15:09:38,171 - trainer - INFO -     train          : loss           : 0.47	accuracy       : 0.84	precision      : 0.85	recall         : 0.86	roc_auc        : 0.92	pr_auc         : 0.94	f1_score       : 0.86	
2022-09-22 15:09:38,171 - trainer - INFO -     validation     : val_loss       : 0.63	val_accuracy   : 0.76	val_precision  : 0.75	val_recall     : 0.78	val_roc_auc    : 0.82	val_pr_auc     : 0.81	val_f1_score   : 0.77	
2022-09-22 15:09:45,371 - trainer - INFO - epoch: 29
2022-09-22 15:09:45,371 - trainer - INFO -     train          : loss           : 0.47	accuracy       : 0.85	precision      : 0.85	recall         : 0.87	roc_auc        : 0.93	pr_auc         : 0.94	f1_score       : 0.86	
2022-09-22 15:09:45,372 - trainer - INFO -     validation     : val_loss       : 0.63	val_accuracy   : 0.76	val_precision  : 0.75	val_recall     : 0.78	val_roc_auc    : 0.82	val_pr_auc     : 0.81	val_f1_score   : 0.77	
2022-09-22 15:09:45,382 - trainer - INFO - Saving current best: model_best.pth ...
2022-09-22 15:09:52,173 - trainer - INFO - epoch: 30
2022-09-22 15:09:52,174 - trainer - INFO -     train          : loss           : 0.47	accuracy       : 0.85	precision      : 0.86	recall         : 0.87	roc_auc        : 0.93	pr_auc         : 0.94	f1_score       : 0.86	
2022-09-22 15:09:52,175 - trainer - INFO -     validation     : val_loss       : 0.63	val_accuracy   : 0.76	val_precision  : 0.75	val_recall     : 0.78	val_roc_auc    : 0.82	val_pr_auc     : 0.81	val_f1_score   : 0.77	
2022-09-22 15:09:52,186 - trainer - INFO - Saving current best: model_best.pth ...
2022-09-22 15:09:59,420 - trainer - INFO - epoch: 31
2022-09-22 15:09:59,421 - trainer - INFO -     train          : loss           : 0.47	accuracy       : 0.85	precision      : 0.86	recall         : 0.86	roc_auc        : 0.93	pr_auc         : 0.94	f1_score       : 0.86	
2022-09-22 15:09:59,422 - trainer - INFO -     validation     : val_loss       : 0.63	val_accuracy   : 0.76	val_precision  : 0.75	val_recall     : 0.77	val_roc_auc    : 0.82	val_pr_auc     : 0.81	val_f1_score   : 0.76	
2022-09-22 15:09:59,433 - trainer - INFO - Saving current best: model_best.pth ...
2022-09-22 15:10:06,545 - trainer - INFO - epoch: 32
2022-09-22 15:10:06,546 - trainer - INFO -     train          : loss           : 0.47	accuracy       : 0.85	precision      : 0.86	recall         : 0.87	roc_auc        : 0.93	pr_auc         : 0.94	f1_score       : 0.86	
2022-09-22 15:10:06,546 - trainer - INFO -     validation     : val_loss       : 0.63	val_accuracy   : 0.76	val_precision  : 0.75	val_recall     : 0.77	val_roc_auc    : 0.82	val_pr_auc     : 0.81	val_f1_score   : 0.76	
2022-09-22 15:10:12,809 - trainer - INFO - epoch: 33
2022-09-22 15:10:12,809 - trainer - INFO -     train          : loss           : 0.47	accuracy       : 0.85	precision      : 0.86	recall         : 0.86	roc_auc        : 0.93	pr_auc         : 0.94	f1_score       : 0.86	
2022-09-22 15:10:12,810 - trainer - INFO -     validation     : val_loss       : 0.63	val_accuracy   : 0.76	val_precision  : 0.75	val_recall     : 0.77	val_roc_auc    : 0.82	val_pr_auc     : 0.81	val_f1_score   : 0.76	
2022-09-22 15:10:19,336 - trainer - INFO - epoch: 34
2022-09-22 15:10:19,337 - trainer - INFO -     train          : loss           : 0.46	accuracy       : 0.85	precision      : 0.86	recall         : 0.86	roc_auc        : 0.93	pr_auc         : 0.94	f1_score       : 0.86	
2022-09-22 15:10:19,337 - trainer - INFO -     validation     : val_loss       : 0.63	val_accuracy   : 0.75	val_precision  : 0.75	val_recall     : 0.76	val_roc_auc    : 0.82	val_pr_auc     : 0.81	val_f1_score   : 0.75	
2022-09-22 15:10:19,349 - trainer - INFO - Saving current best: model_best.pth ...
2022-09-22 15:10:26,515 - trainer - INFO - epoch: 35
2022-09-22 15:10:26,515 - trainer - INFO -     train          : loss           : 0.46	accuracy       : 0.85	precision      : 0.86	recall         : 0.86	roc_auc        : 0.93	pr_auc         : 0.94	f1_score       : 0.86	
2022-09-22 15:10:26,516 - trainer - INFO -     validation     : val_loss       : 0.63	val_accuracy   : 0.75	val_precision  : 0.75	val_recall     : 0.76	val_roc_auc    : 0.82	val_pr_auc     : 0.81	val_f1_score   : 0.75	
2022-09-22 15:10:33,333 - trainer - INFO - epoch: 36
2022-09-22 15:10:33,334 - trainer - INFO -     train          : loss           : 0.46	accuracy       : 0.84	precision      : 0.86	recall         : 0.86	roc_auc        : 0.93	pr_auc         : 0.94	f1_score       : 0.86	
2022-09-22 15:10:33,335 - trainer - INFO -     validation     : val_loss       : 0.63	val_accuracy   : 0.75	val_precision  : 0.75	val_recall     : 0.76	val_roc_auc    : 0.82	val_pr_auc     : 0.81	val_f1_score   : 0.75	
2022-09-22 15:10:39,987 - trainer - INFO - epoch: 37
2022-09-22 15:10:39,988 - trainer - INFO -     train          : loss           : 0.46	accuracy       : 0.85	precision      : 0.86	recall         : 0.87	roc_auc        : 0.93	pr_auc         : 0.94	f1_score       : 0.86	
2022-09-22 15:10:39,989 - trainer - INFO -     validation     : val_loss       : 0.63	val_accuracy   : 0.75	val_precision  : 0.75	val_recall     : 0.75	val_roc_auc    : 0.82	val_pr_auc     : 0.81	val_f1_score   : 0.75	
2022-09-22 15:10:39,999 - trainer - INFO - Saving current best: model_best.pth ...
2022-09-22 15:10:46,922 - trainer - INFO - epoch: 38
2022-09-22 15:10:46,922 - trainer - INFO -     train          : loss           : 0.46	accuracy       : 0.85	precision      : 0.86	recall         : 0.87	roc_auc        : 0.93	pr_auc         : 0.94	f1_score       : 0.86	
2022-09-22 15:10:46,923 - trainer - INFO -     validation     : val_loss       : 0.63	val_accuracy   : 0.75	val_precision  : 0.75	val_recall     : 0.76	val_roc_auc    : 0.82	val_pr_auc     : 0.81	val_f1_score   : 0.75	
2022-09-22 15:10:53,804 - trainer - INFO - epoch: 39
2022-09-22 15:10:53,805 - trainer - INFO -     train          : loss           : 0.46	accuracy       : 0.85	precision      : 0.86	recall         : 0.86	roc_auc        : 0.93	pr_auc         : 0.94	f1_score       : 0.86	
2022-09-22 15:10:53,805 - trainer - INFO -     validation     : val_loss       : 0.63	val_accuracy   : 0.74	val_precision  : 0.75	val_recall     : 0.75	val_roc_auc    : 0.82	val_pr_auc     : 0.81	val_f1_score   : 0.75	
2022-09-22 15:11:00,688 - trainer - INFO - epoch: 40
2022-09-22 15:11:00,688 - trainer - INFO -     train          : loss           : 0.46	accuracy       : 0.85	precision      : 0.86	recall         : 0.87	roc_auc        : 0.93	pr_auc         : 0.94	f1_score       : 0.86	
2022-09-22 15:11:00,689 - trainer - INFO -     validation     : val_loss       : 0.63	val_accuracy   : 0.74	val_precision  : 0.75	val_recall     : 0.75	val_roc_auc    : 0.82	val_pr_auc     : 0.81	val_f1_score   : 0.75	
2022-09-22 15:11:07,840 - trainer - INFO - epoch: 41
2022-09-22 15:11:07,841 - trainer - INFO -     train          : loss           : 0.46	accuracy       : 0.85	precision      : 0.86	recall         : 0.86	roc_auc        : 0.93	pr_auc         : 0.94	f1_score       : 0.86	
2022-09-22 15:11:07,841 - trainer - INFO -     validation     : val_loss       : 0.63	val_accuracy   : 0.74	val_precision  : 0.75	val_recall     : 0.75	val_roc_auc    : 0.82	val_pr_auc     : 0.81	val_f1_score   : 0.75	
2022-09-22 15:11:07,853 - trainer - INFO - Saving current best: model_best.pth ...
2022-09-22 15:11:14,838 - trainer - INFO - epoch: 42
2022-09-22 15:11:14,839 - trainer - INFO -     train          : loss           : 0.46	accuracy       : 0.85	precision      : 0.86	recall         : 0.87	roc_auc        : 0.93	pr_auc         : 0.94	f1_score       : 0.86	
2022-09-22 15:11:14,840 - trainer - INFO -     validation     : val_loss       : 0.63	val_accuracy   : 0.74	val_precision  : 0.75	val_recall     : 0.75	val_roc_auc    : 0.82	val_pr_auc     : 0.81	val_f1_score   : 0.75	
2022-09-22 15:11:21,807 - trainer - INFO - epoch: 43
2022-09-22 15:11:21,807 - trainer - INFO -     train          : loss           : 0.46	accuracy       : 0.85	precision      : 0.86	recall         : 0.86	roc_auc        : 0.93	pr_auc         : 0.94	f1_score       : 0.86	
2022-09-22 15:11:21,808 - trainer - INFO -     validation     : val_loss       : 0.63	val_accuracy   : 0.74	val_precision  : 0.75	val_recall     : 0.75	val_roc_auc    : 0.82	val_pr_auc     : 0.81	val_f1_score   : 0.75	
2022-09-22 15:11:28,537 - trainer - INFO - epoch: 44
2022-09-22 15:11:28,537 - trainer - INFO -     train          : loss           : 0.46	accuracy       : 0.85	precision      : 0.86	recall         : 0.86	roc_auc        : 0.93	pr_auc         : 0.94	f1_score       : 0.86	
2022-09-22 15:11:28,538 - trainer - INFO -     validation     : val_loss       : 0.63	val_accuracy   : 0.74	val_precision  : 0.75	val_recall     : 0.75	val_roc_auc    : 0.82	val_pr_auc     : 0.81	val_f1_score   : 0.75	
2022-09-22 15:11:35,185 - trainer - INFO - epoch: 45
2022-09-22 15:11:35,185 - trainer - INFO -     train          : loss           : 0.46	accuracy       : 0.85	precision      : 0.86	recall         : 0.86	roc_auc        : 0.93	pr_auc         : 0.95	f1_score       : 0.86	
2022-09-22 15:11:35,186 - trainer - INFO -     validation     : val_loss       : 0.63	val_accuracy   : 0.74	val_precision  : 0.75	val_recall     : 0.75	val_roc_auc    : 0.82	val_pr_auc     : 0.81	val_f1_score   : 0.75	
2022-09-22 15:11:35,196 - trainer - INFO - Saving current best: model_best.pth ...
2022-09-22 15:11:42,217 - trainer - INFO - epoch: 46
2022-09-22 15:11:42,217 - trainer - INFO -     train          : loss           : 0.46	accuracy       : 0.85	precision      : 0.86	recall         : 0.86	roc_auc        : 0.93	pr_auc         : 0.94	f1_score       : 0.86	
2022-09-22 15:11:42,218 - trainer - INFO -     validation     : val_loss       : 0.63	val_accuracy   : 0.74	val_precision  : 0.75	val_recall     : 0.75	val_roc_auc    : 0.82	val_pr_auc     : 0.81	val_f1_score   : 0.75	
2022-09-22 15:11:49,138 - trainer - INFO - epoch: 47
2022-09-22 15:11:49,138 - trainer - INFO -     train          : loss           : 0.46	accuracy       : 0.85	precision      : 0.86	recall         : 0.86	roc_auc        : 0.93	pr_auc         : 0.94	f1_score       : 0.86	
2022-09-22 15:11:49,139 - trainer - INFO -     validation     : val_loss       : 0.63	val_accuracy   : 0.74	val_precision  : 0.75	val_recall     : 0.75	val_roc_auc    : 0.82	val_pr_auc     : 0.81	val_f1_score   : 0.75	
2022-09-22 15:11:55,654 - trainer - INFO - epoch: 48
2022-09-22 15:11:55,654 - trainer - INFO -     train          : loss           : 0.46	accuracy       : 0.85	precision      : 0.86	recall         : 0.87	roc_auc        : 0.93	pr_auc         : 0.94	f1_score       : 0.86	
2022-09-22 15:11:55,655 - trainer - INFO -     validation     : val_loss       : 0.63	val_accuracy   : 0.74	val_precision  : 0.75	val_recall     : 0.75	val_roc_auc    : 0.82	val_pr_auc     : 0.81	val_f1_score   : 0.75	
2022-09-22 15:12:02,240 - trainer - INFO - epoch: 49
2022-09-22 15:12:02,241 - trainer - INFO -     train          : loss           : 0.46	accuracy       : 0.85	precision      : 0.86	recall         : 0.86	roc_auc        : 0.93	pr_auc         : 0.94	f1_score       : 0.86	
2022-09-22 15:12:02,241 - trainer - INFO -     validation     : val_loss       : 0.63	val_accuracy   : 0.74	val_precision  : 0.75	val_recall     : 0.75	val_roc_auc    : 0.82	val_pr_auc     : 0.81	val_f1_score   : 0.75	
2022-09-22 15:12:09,191 - trainer - INFO - epoch: 50
2022-09-22 15:12:09,191 - trainer - INFO -     train          : loss           : 0.46	accuracy       : 0.85	precision      : 0.86	recall         : 0.87	roc_auc        : 0.93	pr_auc         : 0.94	f1_score       : 0.86	
2022-09-22 15:12:09,192 - trainer - INFO -     validation     : val_loss       : 0.63	val_accuracy   : 0.74	val_precision  : 0.75	val_recall     : 0.75	val_roc_auc    : 0.82	val_pr_auc     : 0.81	val_f1_score   : 0.75	
2022-09-22 15:12:09,192 - test - INFO - GraphSynergy(
  (protein_embedding): Embedding(15970, 32)
  (cell_embedding): Embedding(29, 32)
  (drug_embedding): Embedding(21, 32)
  (aggregation_function): Linear(in_features=64, out_features=32, bias=True)
  (combine_function): Linear(in_features=64, out_features=32, bias=False)
)
Trainable parameters: 516768
2022-09-22 15:12:09,193 - test - INFO - Loading checkpoint: saved\models\OncologyScreen\0922_150603\model_best.pth ...
